{"numFailedTestSuites":1,"numFailedTests":7,"numPassedTestSuites":0,"numPassedTests":17,"numPendingTestSuites":0,"numPendingTests":0,"numRuntimeErrorTestSuites":0,"numTodoTests":0,"numTotalTestSuites":1,"numTotalTests":24,"openHandles":[],"snapshot":{"added":0,"didUpdate":false,"failure":false,"filesAdded":0,"filesRemoved":0,"filesRemovedList":[],"filesUnmatched":0,"filesUpdated":0,"matched":0,"total":0,"unchecked":0,"uncheckedKeysByFile":[],"unmatched":0,"updated":0},"startTime":1788114163669,"success":false,"testResults":[{"assertionResults":[{"ancestorTitles":["Auth Routes","POST /api/v1/auth/register"],"duration":477,"failureDetails":[],"failureMessages":[],"fullName":"Auth Routes POST /api/v1/auth/register should successfully register a new user","invocations":1,"location":null,"numPassingAsserts":8,"retryReasons":[],"status":"passed","title":"should successfully register a new user"},{"ancestorTitles":["Auth Routes","POST /api/v1/auth/register"],"duration":252,"failureDetails":[],"failureMessages":[],"fullName":"Auth Routes POST /api/v1/auth/register should assign default Student role to new user","invocations":1,"location":null,"numPassingAsserts":2,"retryReasons":[],"status":"passed","title":"should assign default Student role to new user"},{"ancestorTitles":["Auth Routes","POST /api/v1/auth/register"],"duration":190,"failureDetails":[],"failureMessages":[],"fullName":"Auth Routes POST /api/v1/auth/register should return validation error for invalid email","invocations":1,"location":null,"numPassingAsserts":2,"retryReasons":[],"status":"passed","title":"should return validation error for invalid email"},{"ancestorTitles":["Auth Routes","POST /api/v1/auth/register"],"duration":176,"failureDetails":[],"failureMessages":[],"fullName":"Auth Routes POST /api/v1/auth/register should return validation error for password too short","invocations":1,"location":null,"numPassingAsserts":2,"retryReasons":[],"status":"passed","title":"should return validation error for password too short"},{"ancestorTitles":["Auth Routes","POST /api/v1/auth/register"],"duration":178,"failureDetails":[],"failureMessages":[],"fullName":"Auth Routes POST /api/v1/auth/register should return validation error for missing required fields","invocations":1,"location":null,"numPassingAsserts":2,"retryReasons":[],"status":"passed","title":"should return validation error for missing required fields"},{"ancestorTitles":["Auth Routes","POST /api/v1/auth/login"],"duration":250,"failureDetails":[],"failureMessages":[],"fullName":"Auth Routes POST /api/v1/auth/login should successfully login with valid credentials","invocations":1,"location":null,"numPassingAsserts":6,"retryReasons":[],"status":"passed","title":"should successfully login with valid credentials"},{"ancestorTitles":["Auth Routes","POST /api/v1/auth/login"],"duration":249,"failureDetails":[],"failureMessages":[],"fullName":"Auth Routes POST /api/v1/auth/login should return 401 for invalid password","invocations":1,"location":null,"numPassingAsserts":2,"retryReasons":[],"status":"passed","title":"should return 401 for invalid password"},{"ancestorTitles":["Auth Routes","POST /api/v1/auth/login"],"duration":230,"failureDetails":[],"failureMessages":[],"fullName":"Auth Routes POST /api/v1/auth/login should return 401 for non-existent user","invocations":1,"location":null,"numPassingAsserts":2,"retryReasons":[],"status":"passed","title":"should return 401 for non-existent user"},{"ancestorTitles":["Auth Routes","POST /api/v1/auth/login"],"duration":229,"failureDetails":[],"failureMessages":[],"fullName":"Auth Routes POST /api/v1/auth/login should return validation error for invalid email","invocations":1,"location":null,"numPassingAsserts":2,"retryReasons":[],"status":"passed","title":"should return validation error for invalid email"},{"ancestorTitles":["Auth Routes","POST /api/v1/auth/logout"],"duration":186,"failureDetails":[],"failureMessages":[],"fullName":"Auth Routes POST /api/v1/auth/logout should successfully logout","invocations":1,"location":null,"numPassingAsserts":2,"retryReasons":[],"status":"passed","title":"should successfully logout"},{"ancestorTitles":["Auth Routes","POST /api/v1/auth/refresh"],"duration":189,"failureDetails":[],"failureMessages":[],"fullName":"Auth Routes POST /api/v1/auth/refresh should return 400 for missing refresh token","invocations":1,"location":null,"numPassingAsserts":2,"retryReasons":[],"status":"passed","title":"should return 400 for missing refresh token"},{"ancestorTitles":["Auth Routes","POST /api/v1/auth/refresh"],"duration":184,"failureDetails":[],"failureMessages":[],"fullName":"Auth Routes POST /api/v1/auth/refresh should return 401 for invalid refresh token","invocations":1,"location":null,"numPassingAsserts":2,"retryReasons":[],"status":"passed","title":"should return 401 for invalid refresh token"},{"ancestorTitles":["Auth Routes","POST /api/v1/auth/password-reset-request"],"duration":191,"failureDetails":[],"failureMessages":[],"fullName":"Auth Routes POST /api/v1/auth/password-reset-request should successfully request password reset","invocations":1,"location":null,"numPassingAsserts":2,"retryReasons":[],"status":"passed","title":"should successfully request password reset"},{"ancestorTitles":["Auth Routes","POST /api/v1/auth/password-reset-request"],"duration":215,"failureDetails":[],"failureMessages":[],"fullName":"Auth Routes POST /api/v1/auth/password-reset-request should return validation error for invalid email","invocations":1,"location":null,"numPassingAsserts":2,"retryReasons":[],"status":"passed","title":"should return validation error for invalid email"},{"ancestorTitles":["Auth Routes","GET /api/v1/auth/me"],"duration":284,"failureDetails":[],"failureMessages":[],"fullName":"Auth Routes GET /api/v1/auth/me should return current user with valid token","invocations":1,"location":null,"numPassingAsserts":4,"retryReasons":[],"status":"passed","title":"should return current user with valid token"},{"ancestorTitles":["Auth Routes","GET /api/v1/auth/me"],"duration":182,"failureDetails":[{}],"failureMessages":["TypeError: Cannot read properties of undefined (reading 'session')\n    at Object.<anonymous> (D:\\lms\\backend\\tests\\auth.integration.test.ts:252:44)\n    at processTicksAndRejections (node:internal/process/task_queues:104:5)"],"fullName":"Auth Routes GET /api/v1/auth/me should return 401 for missing token","invocations":1,"location":null,"numPassingAsserts":0,"retryReasons":[],"status":"failed","title":"should return 401 for missing token"},{"ancestorTitles":["Auth Routes","GET /api/v1/auth/me"],"duration":210,"failureDetails":[{}],"failureMessages":["TypeError: Cannot read properties of undefined (reading 'session')\n    at Object.<anonymous> (D:\\lms\\backend\\tests\\auth.integration.test.ts:252:44)\n    at processTicksAndRejections (node:internal/process/task_queues:104:5)"],"fullName":"Auth Routes GET /api/v1/auth/me should return 401 for invalid token","invocations":1,"location":null,"numPassingAsserts":0,"retryReasons":[],"status":"failed","title":"should return 401 for invalid token"},{"ancestorTitles":["Auth Routes","GET /api/v1/auth/me"],"duration":189,"failureDetails":[{}],"failureMessages":["TypeError: Cannot read properties of undefined (reading 'session')\n    at Object.<anonymous> (D:\\lms\\backend\\tests\\auth.integration.test.ts:252:44)\n    at processTicksAndRejections (node:internal/process/task_queues:104:5)"],"fullName":"Auth Routes GET /api/v1/auth/me should return 401 for missing Bearer prefix","invocations":1,"location":null,"numPassingAsserts":0,"retryReasons":[],"status":"failed","title":"should return 401 for missing Bearer prefix"},{"ancestorTitles":["Auth Routes","POST /api/v1/auth/sync"],"duration":168,"failureDetails":[],"failureMessages":[],"fullName":"Auth Routes POST /api/v1/auth/sync should return 401 for missing token","invocations":1,"location":null,"numPassingAsserts":2,"retryReasons":[],"status":"passed","title":"should return 401 for missing token"},{"ancestorTitles":["Auth Routes","POST /api/v1/auth/sync"],"duration":181,"failureDetails":[],"failureMessages":[],"fullName":"Auth Routes POST /api/v1/auth/sync should return 401 for invalid token","invocations":1,"location":null,"numPassingAsserts":2,"retryReasons":[],"status":"passed","title":"should return 401 for invalid token"},{"ancestorTitles":["Auth Middleware","requireAuth middleware"],"duration":201,"failureDetails":[{}],"failureMessages":["TypeError: Cannot read properties of undefined (reading 'session')\n    at Object.<anonymous> (D:\\lms\\backend\\tests\\auth.integration.test.ts:347:42)\n    at processTicksAndRejections (node:internal/process/task_queues:104:5)"],"fullName":"Auth Middleware requireAuth middleware should allow requests with valid token","invocations":1,"location":null,"numPassingAsserts":0,"retryReasons":[],"status":"failed","title":"should allow requests with valid token"},{"ancestorTitles":["Auth Middleware","requireAuth middleware"],"duration":196,"failureDetails":[{}],"failureMessages":["TypeError: Cannot read properties of undefined (reading 'session')\n    at Object.<anonymous> (D:\\lms\\backend\\tests\\auth.integration.test.ts:347:42)\n    at processTicksAndRejections (node:internal/process/task_queues:104:5)"],"fullName":"Auth Middleware requireAuth middleware should reject requests without token","invocations":1,"location":null,"numPassingAsserts":0,"retryReasons":[],"status":"failed","title":"should reject requests without token"},{"ancestorTitles":["Auth Middleware","requireAuth middleware"],"duration":173,"failureDetails":[{}],"failureMessages":["TypeError: Cannot read properties of undefined (reading 'session')\n    at Object.<anonymous> (D:\\lms\\backend\\tests\\auth.integration.test.ts:347:42)\n    at processTicksAndRejections (node:internal/process/task_queues:104:5)"],"fullName":"Auth Middleware requireAuth middleware should reject requests with expired/invalid token","invocations":1,"location":null,"numPassingAsserts":0,"retryReasons":[],"status":"failed","title":"should reject requests with expired/invalid token"},{"ancestorTitles":["Auth Middleware","requireAuth middleware"],"duration":234,"failureDetails":[{}],"failureMessages":["TypeError: Cannot read properties of undefined (reading 'session')\n    at Object.<anonymous> (D:\\lms\\backend\\tests\\auth.integration.test.ts:347:42)\n    at processTicksAndRejections (node:internal/process/task_queues:104:5)"],"fullName":"Auth Middleware requireAuth middleware should reject requests with wrong Bearer format","invocations":1,"location":null,"numPassingAsserts":0,"retryReasons":[],"status":"failed","title":"should reject requests with wrong Bearer format"}],"endTime":1788114182543,"message":"\u001b[1m\u001b[31m  \u001b[1m● \u001b[22m\u001b[1mAuth Routes › GET /api/v1/auth/me › should return 401 for missing token\u001b[39m\u001b[22m\n\n    TypeError: Cannot read properties of undefined (reading 'session')\n\u001b[2m\u001b[22m\n\u001b[2m    \u001b[0m \u001b[90m 250 |\u001b[39m         })\u001b[33m;\u001b[39m\u001b[22m\n\u001b[2m     \u001b[90m 251 |\u001b[39m\u001b[22m\n\u001b[2m    \u001b[31m\u001b[1m>\u001b[22m\u001b[2m\u001b[39m\u001b[90m 252 |\u001b[39m       validToken \u001b[33m=\u001b[39m loginResponse\u001b[33m.\u001b[39mbody\u001b[33m.\u001b[39mdata\u001b[33m.\u001b[39msession\u001b[33m.\u001b[39maccessToken\u001b[33m;\u001b[39m\u001b[22m\n\u001b[2m     \u001b[90m     |\u001b[39m                                            \u001b[31m\u001b[1m^\u001b[22m\u001b[2m\u001b[39m\u001b[22m\n\u001b[2m     \u001b[90m 253 |\u001b[39m     })\u001b[33m;\u001b[39m\u001b[22m\n\u001b[2m     \u001b[90m 254 |\u001b[39m\u001b[22m\n\u001b[2m     \u001b[90m 255 |\u001b[39m     afterEach(\u001b[36masync\u001b[39m () \u001b[33m=>\u001b[39m {\u001b[0m\u001b[22m\n\u001b[2m\u001b[22m\n\u001b[2m      \u001b[2mat Object.<anonymous> (\u001b[22m\u001b[2m\u001b[0m\u001b[36mtests/auth.integration.test.ts\u001b[39m\u001b[0m\u001b[2m:252:44)\u001b[22m\u001b[2m\u001b[22m\n\n\u001b[1m\u001b[31m  \u001b[1m● \u001b[22m\u001b[1mAuth Routes › GET /api/v1/auth/me › should return 401 for invalid token\u001b[39m\u001b[22m\n\n    TypeError: Cannot read properties of undefined (reading 'session')\n\u001b[2m\u001b[22m\n\u001b[2m    \u001b[0m \u001b[90m 250 |\u001b[39m         })\u001b[33m;\u001b[39m\u001b[22m\n\u001b[2m     \u001b[90m 251 |\u001b[39m\u001b[22m\n\u001b[2m    \u001b[31m\u001b[1m>\u001b[22m\u001b[2m\u001b[39m\u001b[90m 252 |\u001b[39m       validToken \u001b[33m=\u001b[39m loginResponse\u001b[33m.\u001b[39mbody\u001b[33m.\u001b[39mdata\u001b[33m.\u001b[39msession\u001b[33m.\u001b[39maccessToken\u001b[33m;\u001b[39m\u001b[22m\n\u001b[2m     \u001b[90m     |\u001b[39m                                            \u001b[31m\u001b[1m^\u001b[22m\u001b[2m\u001b[39m\u001b[22m\n\u001b[2m     \u001b[90m 253 |\u001b[39m     })\u001b[33m;\u001b[39m\u001b[22m\n\u001b[2m     \u001b[90m 254 |\u001b[39m\u001b[22m\n\u001b[2m     \u001b[90m 255 |\u001b[39m     afterEach(\u001b[36masync\u001b[39m () \u001b[33m=>\u001b[39m {\u001b[0m\u001b[22m\n\u001b[2m\u001b[22m\n\u001b[2m      \u001b[2mat Object.<anonymous> (\u001b[22m\u001b[2m\u001b[0m\u001b[36mtests/auth.integration.test.ts\u001b[39m\u001b[0m\u001b[2m:252:44)\u001b[22m\u001b[2m\u001b[22m\n\n\u001b[1m\u001b[31m  \u001b[1m● \u001b[22m\u001b[1mAuth Routes › GET /api/v1/auth/me › should return 401 for missing Bearer prefix\u001b[39m\u001b[22m\n\n    TypeError: Cannot read properties of undefined (reading 'session')\n\u001b[2m\u001b[22m\n\u001b[2m    \u001b[0m \u001b[90m 250 |\u001b[39m         })\u001b[33m;\u001b[39m\u001b[22m\n\u001b[2m     \u001b[90m 251 |\u001b[39m\u001b[22m\n\u001b[2m    \u001b[31m\u001b[1m>\u001b[22m\u001b[2m\u001b[39m\u001b[90m 252 |\u001b[39m       validToken \u001b[33m=\u001b[39m loginResponse\u001b[33m.\u001b[39mbody\u001b[33m.\u001b[39mdata\u001b[33m.\u001b[39msession\u001b[33m.\u001b[39maccessToken\u001b[33m;\u001b[39m\u001b[22m\n\u001b[2m     \u001b[90m     |\u001b[39m                                            \u001b[31m\u001b[1m^\u001b[22m\u001b[2m\u001b[39m\u001b[22m\n\u001b[2m     \u001b[90m 253 |\u001b[39m     })\u001b[33m;\u001b[39m\u001b[22m\n\u001b[2m     \u001b[90m 254 |\u001b[39m\u001b[22m\n\u001b[2m     \u001b[90m 255 |\u001b[39m     afterEach(\u001b[36masync\u001b[39m () \u001b[33m=>\u001b[39m {\u001b[0m\u001b[22m\n\u001b[2m\u001b[22m\n\u001b[2m      \u001b[2mat Object.<anonymous> (\u001b[22m\u001b[2m\u001b[0m\u001b[36mtests/auth.integration.test.ts\u001b[39m\u001b[0m\u001b[2m:252:44)\u001b[22m\u001b[2m\u001b[22m\n\n\u001b[1m\u001b[31m  \u001b[1m● \u001b[22m\u001b[1mAuth Middleware › requireAuth middleware › should allow requests with valid token\u001b[39m\u001b[22m\n\n    TypeError: Cannot read properties of undefined (reading 'session')\n\u001b[2m\u001b[22m\n\u001b[2m    \u001b[0m \u001b[90m 345 |\u001b[39m       })\u001b[33m;\u001b[39m\u001b[22m\n\u001b[2m     \u001b[90m 346 |\u001b[39m\u001b[22m\n\u001b[2m    \u001b[31m\u001b[1m>\u001b[22m\u001b[2m\u001b[39m\u001b[90m 347 |\u001b[39m     validToken \u001b[33m=\u001b[39m loginResponse\u001b[33m.\u001b[39mbody\u001b[33m.\u001b[39mdata\u001b[33m.\u001b[39msession\u001b[33m.\u001b[39maccessToken\u001b[33m;\u001b[39m\u001b[22m\n\u001b[2m     \u001b[90m     |\u001b[39m                                          \u001b[31m\u001b[1m^\u001b[22m\u001b[2m\u001b[39m\u001b[22m\n\u001b[2m     \u001b[90m 348 |\u001b[39m   })\u001b[33m;\u001b[39m\u001b[22m\n\u001b[2m     \u001b[90m 349 |\u001b[39m\u001b[22m\n\u001b[2m     \u001b[90m 350 |\u001b[39m   afterEach(\u001b[36masync\u001b[39m () \u001b[33m=>\u001b[39m {\u001b[0m\u001b[22m\n\u001b[2m\u001b[22m\n\u001b[2m      \u001b[2mat Object.<anonymous> (\u001b[22m\u001b[2m\u001b[0m\u001b[36mtests/auth.integration.test.ts\u001b[39m\u001b[0m\u001b[2m:347:42)\u001b[22m\u001b[2m\u001b[22m\n\n\u001b[1m\u001b[31m  \u001b[1m● \u001b[22m\u001b[1mAuth Middleware › requireAuth middleware › should reject requests without token\u001b[39m\u001b[22m\n\n    TypeError: Cannot read properties of undefined (reading 'session')\n\u001b[2m\u001b[22m\n\u001b[2m    \u001b[0m \u001b[90m 345 |\u001b[39m       })\u001b[33m;\u001b[39m\u001b[22m\n\u001b[2m     \u001b[90m 346 |\u001b[39m\u001b[22m\n\u001b[2m    \u001b[31m\u001b[1m>\u001b[22m\u001b[2m\u001b[39m\u001b[90m 347 |\u001b[39m     validToken \u001b[33m=\u001b[39m loginResponse\u001b[33m.\u001b[39mbody\u001b[33m.\u001b[39mdata\u001b[33m.\u001b[39msession\u001b[33m.\u001b[39maccessToken\u001b[33m;\u001b[39m\u001b[22m\n\u001b[2m     \u001b[90m     |\u001b[39m                                          \u001b[31m\u001b[1m^\u001b[22m\u001b[2m\u001b[39m\u001b[22m\n\u001b[2m     \u001b[90m 348 |\u001b[39m   })\u001b[33m;\u001b[39m\u001b[22m\n\u001b[2m     \u001b[90m 349 |\u001b[39m\u001b[22m\n\u001b[2m     \u001b[90m 350 |\u001b[39m   afterEach(\u001b[36masync\u001b[39m () \u001b[33m=>\u001b[39m {\u001b[0m\u001b[22m\n\u001b[2m\u001b[22m\n\u001b[2m      \u001b[2mat Object.<anonymous> (\u001b[22m\u001b[2m\u001b[0m\u001b[36mtests/auth.integration.test.ts\u001b[39m\u001b[0m\u001b[2m:347:42)\u001b[22m\u001b[2m\u001b[22m\n\n\u001b[1m\u001b[31m  \u001b[1m● \u001b[22m\u001b[1mAuth Middleware › requireAuth middleware › should reject requests with expired/invalid token\u001b[39m\u001b[22m\n\n    TypeError: Cannot read properties of undefined (reading 'session')\n\u001b[2m\u001b[22m\n\u001b[2m    \u001b[0m \u001b[90m 345 |\u001b[39m       })\u001b[33m;\u001b[39m\u001b[22m\n\u001b[2m     \u001b[90m 346 |\u001b[39m\u001b[22m\n\u001b[2m    \u001b[31m\u001b[1m>\u001b[22m\u001b[2m\u001b[39m\u001b[90m 347 |\u001b[39m     validToken \u001b[33m=\u001b[39m loginResponse\u001b[33m.\u001b[39mbody\u001b[33m.\u001b[39mdata\u001b[33m.\u001b[39msession\u001b[33m.\u001b[39maccessToken\u001b[33m;\u001b[39m\u001b[22m\n\u001b[2m     \u001b[90m     |\u001b[39m                                          \u001b[31m\u001b[1m^\u001b[22m\u001b[2m\u001b[39m\u001b[22m\n\u001b[2m     \u001b[90m 348 |\u001b[39m   })\u001b[33m;\u001b[39m\u001b[22m\n\u001b[2m     \u001b[90m 349 |\u001b[39m\u001b[22m\n\u001b[2m     \u001b[90m 350 |\u001b[39m   afterEach(\u001b[36masync\u001b[39m () \u001b[33m=>\u001b[39m {\u001b[0m\u001b[22m\n\u001b[2m\u001b[22m\n\u001b[2m      \u001b[2mat Object.<anonymous> (\u001b[22m\u001b[2m\u001b[0m\u001b[36mtests/auth.integration.test.ts\u001b[39m\u001b[0m\u001b[2m:347:42)\u001b[22m\u001b[2m\u001b[22m\n\n\u001b[1m\u001b[31m  \u001b[1m● \u001b[22m\u001b[1mAuth Middleware › requireAuth middleware › should reject requests with wrong Bearer format\u001b[39m\u001b[22m\n\n    TypeError: Cannot read properties of undefined (reading 'session')\n\u001b[2m\u001b[22m\n\u001b[2m    \u001b[0m \u001b[90m 345 |\u001b[39m       })\u001b[33m;\u001b[39m\u001b[22m\n\u001b[2m     \u001b[90m 346 |\u001b[39m\u001b[22m\n\u001b[2m    \u001b[31m\u001b[1m>\u001b[22m\u001b[2m\u001b[39m\u001b[90m 347 |\u001b[39m     validToken \u001b[33m=\u001b[39m loginResponse\u001b[33m.\u001b[39mbody\u001b[33m.\u001b[39mdata\u001b[33m.\u001b[39msession\u001b[33m.\u001b[39maccessToken\u001b[33m;\u001b[39m\u001b[22m\n\u001b[2m     \u001b[90m     |\u001b[39m                                          \u001b[31m\u001b[1m^\u001b[22m\u001b[2m\u001b[39m\u001b[22m\n\u001b[2m     \u001b[90m 348 |\u001b[39m   })\u001b[33m;\u001b[39m\u001b[22m\n\u001b[2m     \u001b[90m 349 |\u001b[39m\u001b[22m\n\u001b[2m     \u001b[90m 350 |\u001b[39m   afterEach(\u001b[36masync\u001b[39m () \u001b[33m=>\u001b[39m {\u001b[0m\u001b[22m\n\u001b[2m\u001b[22m\n\u001b[2m      \u001b[2mat Object.<anonymous> (\u001b[22m\u001b[2m\u001b[0m\u001b[36mtests/auth.integration.test.ts\u001b[39m\u001b[0m\u001b[2m:347:42)\u001b[22m\u001b[2m\u001b[22m\n","name":"D:\\lms\\backend\\tests\\auth.integration.test.ts","startTime":1788114164250,"status":"failed","summary":""}],"wasInterrupted":false}
